Exporter version: 2.93.0, Blender version: 2.93.0
========= Conversion from Blender to Babylon.js =========
	Scene settings used :
		Inline textures     :  false
		Material Type       :  PBR
		Positions Precision :  4
		Normals Precision   :  3
		UVs Precision       :  3
		Vert Color Precision:  3
		Mat Weight Precision:  2
		Keep Z-up r-handed  :  no
		Texture directory   :  S:\Jobb\Modeller_xeris\exports\Kinnarps_lowback_Mat_babylon\
	Python World class constructor completed
	processing begun of camera (UniversalCamera):  Camera
	processing begun of node:  SketchUp
	processing begun of camera (UniversalCamera):  skp_camera_Last_Saved_SketchUp_View
	processing begun of mesh:  group_0
		processing begun of material:  Plastic_Black
		num positions      :  276
		num normals        :  276
		num tangents       :  0
		num uvs            :  0
		num uvs2           :  0
		num colors         :  0
		num triangles      :  402
	processing begun of mesh:  group_0.001
		processing begun of material:  Plastic_Black
		registered as also a user of material:  Plastic_Black
		num positions      :  347
		num normals        :  347
		num tangents       :  0
		num uvs            :  0
		num uvs2           :  0
		num colors         :  0
		num triangles      :  428
	processing begun of mesh:  group_0.002
		processing begun of material:  Plastic_Black
		registered as also a user of material:  Plastic_Black
		num positions      :  194
		num normals        :  194
		num tangents       :  0
		num uvs            :  0
		num uvs2           :  0
		num colors         :  0
		num triangles      :  288
	processing begun of mesh:  group_0.003
		processing begun of material:  Plastic_Black
		registered as also a user of material:  Plastic_Black
		num positions      :  72
		num normals        :  72
		num tangents       :  0
		num uvs            :  0
		num uvs2           :  0
		num colors         :  0
		num triangles      :  46
	processing begun of mesh:  metal_steel
		processing begun of material:  Steel_Polished
		num positions      :  118
		num normals        :  118
		num tangents       :  0
		num uvs            :  0
		num uvs2           :  0
		num colors         :  0
		num triangles      :  146
	processing begun of mesh:  metal_steel.001
		processing begun of material:  Steel_Polished
		registered as also a user of material:  Steel_Polished
		num positions      :  244
		num normals        :  244
		num tangents       :  0
		num uvs            :  0
		num uvs2           :  0
		num colors         :  0
		num triangles      :  358
	processing begun of mesh:  group_1
		processing begun of material:  Plastic_Black
		registered as also a user of material:  Plastic_Black
		num positions      :  356
		num normals        :  356
		num tangents       :  0
		num uvs            :  0
		num uvs2           :  0
		num colors         :  0
		num triangles      :  438
	processing begun of mesh:  group_1.001
		processing begun of material:  Plastic_Black
		registered as also a user of material:  Plastic_Black
		num positions      :  280
		num normals        :  280
		num tangents       :  0
		num uvs            :  0
		num uvs2           :  0
		num colors         :  0
		num triangles      :  412
	processing begun of mesh:  group_1.002
		processing begun of material:  Plastic_Black
		registered as also a user of material:  Plastic_Black
		num positions      :  212
		num normals        :  212
		num tangents       :  0
		num uvs            :  0
		num uvs2           :  0
		num colors         :  0
		num triangles      :  318
	processing begun of mesh:  group_1.003
		processing begun of material:  Plastic_Black
		registered as also a user of material:  Plastic_Black
		num positions      :  80
		num normals        :  80
		num tangents       :  0
		num uvs            :  0
		num uvs2           :  0
		num colors         :  0
		num triangles      :  48
	processing begun of mesh:  group_2
		processing begun of material:  Plastic_Black
		registered as also a user of material:  Plastic_Black
		num positions      :  198
		num normals        :  198
		num tangents       :  0
		num uvs            :  0
		num uvs2           :  0
		num colors         :  0
		num triangles      :  350
	processing begun of mesh:  group_2.001
		processing begun of material:  Plastic_Black
		registered as also a user of material:  Plastic_Black
		num positions      :  82
		num normals        :  82
		num tangents       :  0
		num uvs            :  0
		num uvs2           :  0
		num colors         :  0
		num triangles      :  106
	processing begun of mesh:  group_3
		processing begun of material:  Plastic_Black
		registered as also a user of material:  Plastic_Black
		num positions      :  175
		num normals        :  175
		num tangents       :  0
		num uvs            :  0
		num uvs2           :  0
		num colors         :  0
		num triangles      :  228
	processing begun of mesh:  group_4
		processing begun of material:  Plastic_Black
		registered as also a user of material:  Plastic_Black
		num positions      :  258
		num normals        :  258
		num tangents       :  0
		num uvs            :  0
		num uvs2           :  0
		num colors         :  0
		num triangles      :  442
	processing begun of mesh:  group_4.001
		processing begun of material:  Plastic_Black
		registered as also a user of material:  Plastic_Black
		num positions      :  721
		num normals        :  721
		num tangents       :  0
		num uvs            :  0
		num uvs2           :  0
		num colors         :  0
		num triangles      :  1154
	processing begun of mesh:  group_4.002
		processing begun of material:  Plastic_Black
		registered as also a user of material:  Plastic_Black
		num positions      :  756
		num normals        :  756
		num tangents       :  0
		num uvs            :  0
		num uvs2           :  0
		num colors         :  0
		num triangles      :  1166
	processing begun of mesh:  group_4.003
		processing begun of material:  Plastic_Black
		registered as also a user of material:  Plastic_Black
		num positions      :  276
		num normals        :  276
		num tangents       :  0
		num uvs            :  0
		num uvs2           :  0
		num colors         :  0
		num triangles      :  456
	processing begun of mesh:  group_4.004
		processing begun of material:  Plastic_Black
		registered as also a user of material:  Plastic_Black
		num positions      :  12
		num normals        :  12
		num tangents       :  0
		num uvs            :  0
		num uvs2           :  0
		num colors         :  0
		num triangles      :  10
	processing begun of mesh:  group_5
		processing begun of material:  Plastic_Black
		registered as also a user of material:  Plastic_Black
		num positions      :  584
		num normals        :  584
		num tangents       :  0
		num uvs            :  0
		num uvs2           :  0
		num colors         :  0
		num triangles      :  566
	processing begun of mesh:  group_5.001
		processing begun of material:  Plastic_Black
		registered as also a user of material:  Plastic_Black
		num positions      :  564
		num normals        :  564
		num tangents       :  0
		num uvs            :  0
		num uvs2           :  0
		num colors         :  0
		num triangles      :  562
	processing begun of mesh:  group_5.002
		processing begun of material:  Plastic_Black
		registered as also a user of material:  Plastic_Black
		num positions      :  214
		num normals        :  214
		num tangents       :  0
		num uvs            :  0
		num uvs2           :  0
		num colors         :  0
		num triangles      :  322
	processing begun of mesh:  group_6
		processing begun of material:  Plastic_Black
		registered as also a user of material:  Plastic_Black
		num positions      :  1495
		num normals        :  1495
		num tangents       :  0
		num uvs            :  0
		num uvs2           :  0
		num colors         :  0
		num triangles      :  2232
	processing begun of mesh:  group_6.001
		processing begun of material:  Plastic_Black
		registered as also a user of material:  Plastic_Black
		num positions      :  64
		num normals        :  64
		num tangents       :  0
		num uvs            :  0
		num uvs2           :  0
		num colors         :  0
		num triangles      :  66
	processing begun of mesh:  group_6.002
		processing begun of material:  Plastic_Black
		registered as also a user of material:  Plastic_Black
		num positions      :  8
		num normals        :  8
		num tangents       :  0
		num uvs            :  0
		num uvs2           :  0
		num colors         :  0
		num triangles      :  4
	processing begun of mesh:  group_6.003
		processing begun of material:  Plastic_Black
		registered as also a user of material:  Plastic_Black
		num positions      :  12
		num normals        :  12
		num tangents       :  0
		num uvs            :  0
		num uvs2           :  0
		num colors         :  0
		num triangles      :  8
	processing begun of mesh:  group_6.004
		processing begun of material:  Plastic_Black
		registered as also a user of material:  Plastic_Black
		num positions      :  12
		num normals        :  12
		num tangents       :  0
		num uvs            :  0
		num uvs2           :  0
		num colors         :  0
		num triangles      :  4
	processing begun of mesh:  group_6.005
		processing begun of material:  Plastic_Black
		registered as also a user of material:  Plastic_Black
		num positions      :  8
		num normals        :  8
		num tangents       :  0
		num uvs            :  0
		num uvs2           :  0
		num colors         :  0
		num triangles      :  4
	processing begun of mesh:  group_6.006
		processing begun of material:  Plastic_Black
		registered as also a user of material:  Plastic_Black
		num positions      :  8
		num normals        :  8
		num tangents       :  0
		num uvs            :  0
		num uvs2           :  0
		num colors         :  0
		num triangles      :  4
	processing begun of mesh:  group_7
		processing begun of material:  Plastic_Black
		registered as also a user of material:  Plastic_Black
		num positions      :  222
		num normals        :  222
		num tangents       :  0
		num uvs            :  0
		num uvs2           :  0
		num colors         :  0
		num triangles      :  332
	processing begun of mesh:  group_8
		processing begun of material:  Plastic_Black
		registered as also a user of material:  Plastic_Black
		num positions      :  130
		num normals        :  130
		num tangents       :  0
		num uvs            :  0
		num uvs2           :  0
		num colors         :  0
		num triangles      :  206
	processing begun of mesh:  group_9
		processing begun of material:  Capture_05
			processing texture Capture_05
				texture type:  diffuseTexture, mapped using: "ID208"
		num positions      :  6056
		num normals        :  6056
		num tangents       :  0
		num uvs            :  12112
		num uvs2           :  0
		num colors         :  0
		num triangles      :  2038
	processing begun of mesh:  group_9.001
		processing begun of material:  Wrapper
			processing texture Wrapper
				texture type:  diffuseTexture, mapped using: "ID221"
		num positions      :  22
		num normals        :  22
		num tangents       :  0
		num uvs            :  44
		num uvs2           :  0
		num colors         :  0
		num triangles      :  8
	processing begun of mesh:  group_9.002
		processing begun of material:  Wrapper
		registered as also a user of material:  Wrapper
		num positions      :  6
		num normals        :  6
		num tangents       :  0
		num uvs            :  12
		num uvs2           :  0
		num colors         :  0
		num triangles      :  2
	processing begun of mesh:  group_10
		processing begun of material:  Capture_05
		registered as also a user of material:  Capture_05
		num positions      :  8118
		num normals        :  8118
		num tangents       :  0
		num uvs            :  16236
		num uvs2           :  0
		num colors         :  0
		num triangles      :  2720
	processing begun of mesh:  group_11
		processing begun of material:  Plastic_Black
		registered as also a user of material:  Plastic_Black
		num positions      :  573
		num normals        :  573
		num tangents       :  0
		num uvs            :  0
		num uvs2           :  0
		num colors         :  0
		num triangles      :  480
	processing begun of mesh:  group_11.001
		processing begun of material:  Plastic_Black
		registered as also a user of material:  Plastic_Black
		num positions      :  96
		num normals        :  96
		num tangents       :  0
		num uvs            :  0
		num uvs2           :  0
		num colors         :  0
		num triangles      :  96
	processing begun of mesh:  group_12
		processing begun of material:  Plastic_Black
		registered as also a user of material:  Plastic_Black
		num positions      :  128
		num normals        :  128
		num tangents       :  0
		num uvs            :  0
		num uvs2           :  0
		num colors         :  0
		num triangles      :  158
	processing begun of mesh:  group_13
		processing begun of material:  Plastic_Black
		registered as also a user of material:  Plastic_Black
		num positions      :  356
		num normals        :  356
		num tangents       :  0
		num uvs            :  0
		num uvs2           :  0
		num colors         :  0
		num triangles      :  438
	processing begun of mesh:  group_13.001
		processing begun of material:  Plastic_Black
		registered as also a user of material:  Plastic_Black
		num positions      :  282
		num normals        :  282
		num tangents       :  0
		num uvs            :  0
		num uvs2           :  0
		num colors         :  0
		num triangles      :  416
	processing begun of mesh:  group_13.002
		processing begun of material:  Plastic_Black
		registered as also a user of material:  Plastic_Black
		num positions      :  214
		num normals        :  214
		num tangents       :  0
		num uvs            :  0
		num uvs2           :  0
		num colors         :  0
		num triangles      :  322
	processing begun of mesh:  group_13.003
		processing begun of material:  Plastic_Black
		registered as also a user of material:  Plastic_Black
		num positions      :  61
		num normals        :  61
		num tangents       :  0
		num uvs            :  0
		num uvs2           :  0
		num colors         :  0
		num triangles      :  48
	processing begun of mesh:  group_14
		processing begun of material:  Plastic_Black
		registered as also a user of material:  Plastic_Black
		num positions      :  284
		num normals        :  284
		num tangents       :  0
		num uvs            :  0
		num uvs2           :  0
		num colors         :  0
		num triangles      :  418
	processing begun of mesh:  group_14.001
		processing begun of material:  Plastic_Black
		registered as also a user of material:  Plastic_Black
		num positions      :  344
		num normals        :  344
		num tangents       :  0
		num uvs            :  0
		num uvs2           :  0
		num colors         :  0
		num triangles      :  442
	processing begun of mesh:  group_14.002
		processing begun of material:  Plastic_Black
		registered as also a user of material:  Plastic_Black
		num positions      :  212
		num normals        :  212
		num tangents       :  0
		num uvs            :  0
		num uvs2           :  0
		num colors         :  0
		num triangles      :  318
	processing begun of mesh:  group_14.003
		processing begun of material:  Plastic_Black
		registered as also a user of material:  Plastic_Black
		num positions      :  72
		num normals        :  72
		num tangents       :  0
		num uvs            :  0
		num uvs2           :  0
		num colors         :  0
		num triangles      :  46
	processing begun of mesh:  group_15
		processing begun of material:  Plastic_Black
		registered as also a user of material:  Plastic_Black
		num positions      :  230
		num normals        :  230
		num tangents       :  0
		num uvs            :  0
		num uvs2           :  0
		num colors         :  0
		num triangles      :  312
	processing begun of mesh:  group_16
		processing begun of material:  Plastic_Black
		registered as also a user of material:  Plastic_Black
		num positions      :  378
		num normals        :  378
		num tangents       :  0
		num uvs            :  0
		num uvs2           :  0
		num colors         :  0
		num triangles      :  496
	processing begun of mesh:  metal_steel.002
		processing begun of material:  Steel_Polished
		registered as also a user of material:  Steel_Polished
		num positions      :  3452
		num normals        :  3452
		num tangents       :  0
		num uvs            :  0
		num uvs2           :  0
		num colors         :  0
		num triangles      :  6014
	processing begun of mesh:  group_17
		processing begun of material:  Plastic_Black
		registered as also a user of material:  Plastic_Black
		num positions      :  210
		num normals        :  210
		num tangents       :  0
		num uvs            :  0
		num uvs2           :  0
		num colors         :  0
		num triangles      :  348
	processing begun of mesh:  group_18
		processing begun of material:  Plastic_Black
		registered as also a user of material:  Plastic_Black
		num positions      :  688
		num normals        :  688
		num tangents       :  0
		num uvs            :  0
		num uvs2           :  0
		num colors         :  0
		num triangles      :  1110
	processing begun of mesh:  group_19
		processing begun of material:  Steel_Polished
		registered as also a user of material:  Steel_Polished
		num positions      :  20
		num normals        :  20
		num tangents       :  0
		num uvs            :  0
		num uvs2           :  0
		num colors         :  0
		num triangles      :  28
	processing begun of mesh:  group_20
		processing begun of material:  Plastic_Black
		registered as also a user of material:  Plastic_Black
		num positions      :  6
		num normals        :  6
		num tangents       :  0
		num uvs            :  0
		num uvs2           :  0
		num colors         :  0
		num triangles      :  2
	processing begun of mesh:  group_20.001
		processing begun of material:  Plastic_Black
		registered as also a user of material:  Plastic_Black
		num positions      :  1220
		num normals        :  1220
		num tangents       :  0
		num uvs            :  0
		num uvs2           :  0
		num colors         :  0
		num triangles      :  1700
	processing begun of mesh:  group_20.002
		processing begun of material:  Plastic_Black
		registered as also a user of material:  Plastic_Black
		num positions      :  6
		num normals        :  6
		num tangents       :  0
		num uvs            :  0
		num uvs2           :  0
		num colors         :  0
		num triangles      :  2
	processing begun of mesh:  group_21
		processing begun of material:  Plastic_Black
		registered as also a user of material:  Plastic_Black
		num positions      :  935
		num normals        :  935
		num tangents       :  0
		num uvs            :  0
		num uvs2           :  0
		num colors         :  0
		num triangles      :  1488
	processing begun of mesh:  NC-Spak
		processing begun of material:  Plastic_Black
		registered as also a user of material:  Plastic_Black
		num positions      :  306
		num normals        :  306
		num tangents       :  0
		num uvs            :  0
		num uvs2           :  0
		num colors         :  0
		num triangles      :  490
	processing begun of mesh:  group_22
		processing begun of material:  Capture_05
		registered as also a user of material:  Capture_05
		num positions      :  38278
		num normals        :  38278
		num tangents       :  0
		num uvs            :  76556
		num uvs2           :  0
		num colors         :  0
		num triangles      :  12986
	processing begun of mesh:  group_23
		processing begun of material:  Plastic_Black
		registered as also a user of material:  Plastic_Black
		num positions      :  288
		num normals        :  288
		num tangents       :  0
		num uvs            :  0
		num uvs2           :  0
		num colors         :  0
		num triangles      :  506
	processing begun of mesh:  group_24
		processing begun of material:  Plastic_Black
		registered as also a user of material:  Plastic_Black
		num positions      :  1000
		num normals        :  1000
		num tangents       :  0
		num uvs            :  0
		num uvs2           :  0
		num colors         :  0
		num triangles      :  1622
	processing begun of mesh:  metal_steel.003
		processing begun of material:  Steel_Polished
		registered as also a user of material:  Steel_Polished
		num positions      :  248
		num normals        :  248
		num tangents       :  0
		num uvs            :  0
		num uvs2           :  0
		num colors         :  0
		num triangles      :  238
	processing begun of mesh:  metal_steel.004
		processing begun of material:  Steel_Polished
		registered as also a user of material:  Steel_Polished
		num positions      :  34
		num normals        :  34
		num tangents       :  0
		num uvs            :  0
		num uvs2           :  0
		num colors         :  0
		num triangles      :  42
	processing begun of mesh:  metal_steel.005
		processing begun of material:  Steel_Polished
		registered as also a user of material:  Steel_Polished
		num positions      :  474
		num normals        :  474
		num tangents       :  0
		num uvs            :  0
		num uvs2           :  0
		num colors         :  0
		num triangles      :  726
	processing begun of mesh:  metal_steel.006
		processing begun of material:  Steel_Polished
		registered as also a user of material:  Steel_Polished
		num positions      :  8
		num normals        :  8
		num tangents       :  0
		num uvs            :  0
		num uvs2           :  0
		num colors         :  0
		num triangles      :  4
	processing begun of mesh:  metal_steel.007
		processing begun of material:  Steel_Polished
		registered as also a user of material:  Steel_Polished
		num positions      :  8
		num normals        :  8
		num tangents       :  0
		num uvs            :  0
		num uvs2           :  0
		num colors         :  0
		num triangles      :  4
	processing begun of mesh:  metal_steel.008
		processing begun of material:  Steel_Polished
		registered as also a user of material:  Steel_Polished
		num positions      :  6
		num normals        :  6
		num tangents       :  0
		num uvs            :  0
		num uvs2           :  0
		num colors         :  0
		num triangles      :  2
	processing begun of mesh:  metal_steel.009
		processing begun of material:  Steel_Polished
		registered as also a user of material:  Steel_Polished
		num positions      :  8
		num normals        :  8
		num tangents       :  0
		num uvs            :  0
		num uvs2           :  0
		num colors         :  0
		num triangles      :  4
	processing begun of mesh:  metal_steel.010
		processing begun of material:  Steel_Polished
		registered as also a user of material:  Steel_Polished
		num positions      :  6
		num normals        :  6
		num tangents       :  0
		num uvs            :  0
		num uvs2           :  0
		num colors         :  0
		num triangles      :  2
	processing begun of mesh:  metal_steel.011
		processing begun of material:  Steel_Polished
		registered as also a user of material:  Steel_Polished
		num positions      :  6
		num normals        :  6
		num tangents       :  0
		num uvs            :  0
		num uvs2           :  0
		num colors         :  0
		num triangles      :  2
	processing begun of mesh:  metal_steel.012
		processing begun of material:  Steel_Polished
		registered as also a user of material:  Steel_Polished
		num positions      :  8
		num normals        :  8
		num tangents       :  0
		num uvs            :  0
		num uvs2           :  0
		num colors         :  0
		num triangles      :  4
	processing begun of mesh:  metal_steel.013
		processing begun of material:  Steel_Polished
		registered as also a user of material:  Steel_Polished
		num positions      :  8
		num normals        :  8
		num tangents       :  0
		num uvs            :  0
		num uvs2           :  0
		num colors         :  0
		num triangles      :  4
	processing begun of mesh:  metal_steel.014
		processing begun of material:  Steel_Polished
		registered as also a user of material:  Steel_Polished
		num positions      :  6
		num normals        :  6
		num tangents       :  0
		num uvs            :  0
		num uvs2           :  0
		num colors         :  0
		num triangles      :  2
	processing begun of mesh:  metal_steel.015
		processing begun of material:  Steel_Polished
		registered as also a user of material:  Steel_Polished
		num positions      :  6
		num normals        :  6
		num tangents       :  0
		num uvs            :  0
		num uvs2           :  0
		num colors         :  0
		num triangles      :  2
	processing begun of mesh:  metal_steel.016
		processing begun of material:  Steel_Polished
		registered as also a user of material:  Steel_Polished
		num positions      :  8
		num normals        :  8
		num tangents       :  0
		num uvs            :  0
		num uvs2           :  0
		num colors         :  0
		num triangles      :  4
	processing begun of mesh:  metal_steel.017
		processing begun of material:  Steel_Polished
		registered as also a user of material:  Steel_Polished
		num positions      :  6
		num normals        :  6
		num tangents       :  0
		num uvs            :  0
		num uvs2           :  0
		num colors         :  0
		num triangles      :  2
	processing begun of mesh:  metal_steel.018
		processing begun of material:  Steel_Polished
		registered as also a user of material:  Steel_Polished
		num positions      :  26
		num normals        :  26
		num tangents       :  0
		num uvs            :  0
		num uvs2           :  0
		num colors         :  0
		num triangles      :  22
	processing begun of mesh:  metal_steel.019
		processing begun of material:  Steel_Polished
		registered as also a user of material:  Steel_Polished
		num positions      :  8
		num normals        :  8
		num tangents       :  0
		num uvs            :  0
		num uvs2           :  0
		num colors         :  0
		num triangles      :  4
	processing begun of mesh:  metal_steel.020
		processing begun of material:  Steel_Polished
		registered as also a user of material:  Steel_Polished
		num positions      :  8
		num normals        :  8
		num tangents       :  0
		num uvs            :  0
		num uvs2           :  0
		num colors         :  0
		num triangles      :  4
	processing begun of mesh:  metal_steel.021
		processing begun of material:  Steel_Polished
		registered as also a user of material:  Steel_Polished
		num positions      :  12
		num normals        :  12
		num tangents       :  0
		num uvs            :  0
		num uvs2           :  0
		num colors         :  0
		num triangles      :  4
	processing begun of mesh:  metal_steel.022
		processing begun of material:  Steel_Polished
		registered as also a user of material:  Steel_Polished
		num positions      :  6
		num normals        :  6
		num tangents       :  0
		num uvs            :  0
		num uvs2           :  0
		num colors         :  0
		num triangles      :  2
	processing begun of mesh:  metal_steel.023
		processing begun of material:  Steel_Polished
		registered as also a user of material:  Steel_Polished
		num positions      :  6
		num normals        :  6
		num tangents       :  0
		num uvs            :  0
		num uvs2           :  0
		num colors         :  0
		num triangles      :  2
	processing begun of mesh:  metal_steel.024
		processing begun of material:  Steel_Polished
		registered as also a user of material:  Steel_Polished
		num positions      :  6
		num normals        :  6
		num tangents       :  0
		num uvs            :  0
		num uvs2           :  0
		num colors         :  0
		num triangles      :  2
	processing begun of mesh:  metal_steel.025
		processing begun of material:  Steel_Polished
		registered as also a user of material:  Steel_Polished
		num positions      :  6
		num normals        :  6
		num tangents       :  0
		num uvs            :  0
		num uvs2           :  0
		num colors         :  0
		num triangles      :  2
	processing begun of mesh:  metal_steel.026
		processing begun of material:  Steel_Polished
		registered as also a user of material:  Steel_Polished
		num positions      :  8
		num normals        :  8
		num tangents       :  0
		num uvs            :  0
		num uvs2           :  0
		num colors         :  0
		num triangles      :  4
	processing begun of mesh:  metal_steel.027
		processing begun of material:  Steel_Polished
		registered as also a user of material:  Steel_Polished
		num positions      :  6
		num normals        :  6
		num tangents       :  0
		num uvs            :  0
		num uvs2           :  0
		num colors         :  0
		num triangles      :  2
	processing begun of mesh:  metal_steel.028
		processing begun of material:  Steel_Polished
		registered as also a user of material:  Steel_Polished
		num positions      :  8
		num normals        :  8
		num tangents       :  0
		num uvs            :  0
		num uvs2           :  0
		num colors         :  0
		num triangles      :  4
	processing begun of mesh:  metal_steel.029
		processing begun of material:  Steel_Polished
		registered as also a user of material:  Steel_Polished
		num positions      :  8
		num normals        :  8
		num tangents       :  0
		num uvs            :  0
		num uvs2           :  0
		num colors         :  0
		num triangles      :  4
	processing begun of mesh:  metal_steel.030
		processing begun of material:  Steel_Polished
		registered as also a user of material:  Steel_Polished
		num positions      :  12
		num normals        :  12
		num tangents       :  0
		num uvs            :  0
		num uvs2           :  0
		num colors         :  0
		num triangles      :  4
	processing begun of mesh:  metal_steel.031
		processing begun of material:  Steel_Polished
		registered as also a user of material:  Steel_Polished
		num positions      :  6
		num normals        :  6
		num tangents       :  0
		num uvs            :  0
		num uvs2           :  0
		num colors         :  0
		num triangles      :  2
	processing begun of mesh:  metal_steel.032
		processing begun of material:  Steel_Polished
		registered as also a user of material:  Steel_Polished
		num positions      :  8
		num normals        :  8
		num tangents       :  0
		num uvs            :  0
		num uvs2           :  0
		num colors         :  0
		num triangles      :  4
	processing begun of mesh:  metal_steel.033
		processing begun of material:  Steel_Polished
		registered as also a user of material:  Steel_Polished
		num positions      :  8
		num normals        :  8
		num tangents       :  0
		num uvs            :  0
		num uvs2           :  0
		num colors         :  0
		num triangles      :  4
	processing begun of mesh:  group_25
		processing begun of material:  Plastic_Black
		registered as also a user of material:  Plastic_Black
		num positions      :  534
		num normals        :  534
		num tangents       :  0
		num uvs            :  0
		num uvs2           :  0
		num colors         :  0
		num triangles      :  850
	processing begun of mesh:  group_26
		processing begun of material:  Plastic_Black
		registered as also a user of material:  Plastic_Black
		num positions      :  868
		num normals        :  868
		num tangents       :  0
		num uvs            :  0
		num uvs2           :  0
		num colors         :  0
		num triangles      :  1232
	processing begun of mesh:  group_26.001
		processing begun of material:  Plastic_Black
		registered as also a user of material:  Plastic_Black
		num positions      :  20
		num normals        :  20
		num tangents       :  0
		num uvs            :  0
		num uvs2           :  0
		num colors         :  0
		num triangles      :  10
	processing begun of mesh:  group_26.002
		processing begun of material:  Plastic_Black
		registered as also a user of material:  Plastic_Black
		num positions      :  10
		num normals        :  10
		num tangents       :  0
		num uvs            :  0
		num uvs2           :  0
		num colors         :  0
		num triangles      :  4
	processing begun of mesh:  group_26.003
		processing begun of material:  Plastic_Black
		registered as also a user of material:  Plastic_Black
		num positions      :  14
		num normals        :  14
		num tangents       :  0
		num uvs            :  0
		num uvs2           :  0
		num colors         :  0
		num triangles      :  12
	processing begun of mesh:  group_26.004
		processing begun of material:  Plastic_Black
		registered as also a user of material:  Plastic_Black
		num positions      :  8
		num normals        :  8
		num tangents       :  0
		num uvs            :  0
		num uvs2           :  0
		num colors         :  0
		num triangles      :  4
	processing begun of mesh:  group_26.005
		processing begun of material:  Plastic_Black
		registered as also a user of material:  Plastic_Black
		num positions      :  10
		num normals        :  10
		num tangents       :  0
		num uvs            :  0
		num uvs2           :  0
		num colors         :  0
		num triangles      :  6
	processing begun of mesh:  group_26.006
		processing begun of material:  Plastic_Black
		registered as also a user of material:  Plastic_Black
		num positions      :  12
		num normals        :  12
		num tangents       :  0
		num uvs            :  0
		num uvs2           :  0
		num colors         :  0
		num triangles      :  8
	processing begun of mesh:  metal_steel.034
		processing begun of material:  Steel_Polished
		registered as also a user of material:  Steel_Polished
		num positions      :  562
		num normals        :  562
		num tangents       :  0
		num uvs            :  0
		num uvs2           :  0
		num colors         :  0
		num triangles      :  892
	processing begun of mesh:  group_27
		processing begun of material:  Plastic_Black
		registered as also a user of material:  Plastic_Black
		num positions      :  591
		num normals        :  591
		num tangents       :  0
		num uvs            :  0
		num uvs2           :  0
		num colors         :  0
		num triangles      :  858
	processing begun of mesh:  group_28
		processing begun of material:  Plastic_Black
		registered as also a user of material:  Plastic_Black
		num positions      :  918
		num normals        :  918
		num tangents       :  0
		num uvs            :  0
		num uvs2           :  0
		num colors         :  0
		num triangles      :  1320
	processing begun of mesh:  group_28.001
		processing begun of material:  Plastic_Black
		registered as also a user of material:  Plastic_Black
		num positions      :  6
		num normals        :  6
		num tangents       :  0
		num uvs            :  0
		num uvs2           :  0
		num colors         :  0
		num triangles      :  2
	processing begun of mesh:  group_28.002
		processing begun of material:  Plastic_Black
		registered as also a user of material:  Plastic_Black
		num positions      :  22
		num normals        :  22
		num tangents       :  0
		num uvs            :  0
		num uvs2           :  0
		num colors         :  0
		num triangles      :  18
	processing begun of mesh:  group_28.003
		processing begun of material:  Plastic_Black
		registered as also a user of material:  Plastic_Black
		num positions      :  8
		num normals        :  8
		num tangents       :  0
		num uvs            :  0
		num uvs2           :  0
		num colors         :  0
		num triangles      :  4
	processing begun of mesh:  group_28.004
		processing begun of material:  Plastic_Black
		registered as also a user of material:  Plastic_Black
		num positions      :  8
		num normals        :  8
		num tangents       :  0
		num uvs            :  0
		num uvs2           :  0
		num colors         :  0
		num triangles      :  4
	processing begun of mesh:  group_28.005
		processing begun of material:  Plastic_Black
		registered as also a user of material:  Plastic_Black
		num positions      :  6
		num normals        :  6
		num tangents       :  0
		num uvs            :  0
		num uvs2           :  0
		num colors         :  0
		num triangles      :  2
	processing begun of mesh:  group_29
		processing begun of material:  Plastic_Black
		registered as also a user of material:  Plastic_Black
		num positions      :  994
		num normals        :  994
		num tangents       :  0
		num uvs            :  0
		num uvs2           :  0
		num colors         :  0
		num triangles      :  1604
	processing begun of mesh:  metal_steel.035
		processing begun of material:  Steel_Polished
		registered as also a user of material:  Steel_Polished
		num positions      :  450
		num normals        :  450
		num tangents       :  0
		num uvs            :  0
		num uvs2           :  0
		num colors         :  0
		num triangles      :  798
	processing begun of mesh:  metal_steel.036
		processing begun of material:  Steel_Polished
		registered as also a user of material:  Steel_Polished
		num positions      :  40
		num normals        :  40
		num tangents       :  0
		num uvs            :  0
		num uvs2           :  0
		num colors         :  0
		num triangles      :  44
	processing begun of mesh:  metal_steel.037
		processing begun of material:  Steel_Polished
		registered as also a user of material:  Steel_Polished
		num positions      :  209
		num normals        :  209
		num tangents       :  0
		num uvs            :  0
		num uvs2           :  0
		num colors         :  0
		num triangles      :  184
	processing begun of mesh:  metal_steel.038
		processing begun of material:  Steel_Polished
		registered as also a user of material:  Steel_Polished
		num positions      :  406
		num normals        :  406
		num tangents       :  0
		num uvs            :  0
		num uvs2           :  0
		num colors         :  0
		num triangles      :  632
	processing begun of mesh:  metal_steel.039
		processing begun of material:  Steel_Polished
		registered as also a user of material:  Steel_Polished
		num positions      :  46
		num normals        :  46
		num tangents       :  0
		num uvs            :  0
		num uvs2           :  0
		num colors         :  0
		num triangles      :  42
	processing begun of mesh:  metal_steel.040
		processing begun of material:  Steel_Polished
		registered as also a user of material:  Steel_Polished
		num positions      :  6
		num normals        :  6
		num tangents       :  0
		num uvs            :  0
		num uvs2           :  0
		num colors         :  0
		num triangles      :  2
	processing begun of mesh:  metal_steel.041
		processing begun of material:  Steel_Polished
		registered as also a user of material:  Steel_Polished
		num positions      :  30
		num normals        :  30
		num tangents       :  0
		num uvs            :  0
		num uvs2           :  0
		num colors         :  0
		num triangles      :  28
	processing begun of mesh:  metal_steel.042
		processing begun of material:  Steel_Polished
		registered as also a user of material:  Steel_Polished
		num positions      :  8
		num normals        :  8
		num tangents       :  0
		num uvs            :  0
		num uvs2           :  0
		num colors         :  0
		num triangles      :  4
	processing begun of mesh:  metal_steel.043
		processing begun of material:  Steel_Polished
		registered as also a user of material:  Steel_Polished
		num positions      :  8
		num normals        :  8
		num tangents       :  0
		num uvs            :  0
		num uvs2           :  0
		num colors         :  0
		num triangles      :  4
	processing begun of mesh:  metal_steel.044
		processing begun of material:  Steel_Polished
		registered as also a user of material:  Steel_Polished
		num positions      :  20
		num normals        :  20
		num tangents       :  0
		num uvs            :  0
		num uvs2           :  0
		num colors         :  0
		num triangles      :  16
	processing begun of mesh:  metal_steel.045
		processing begun of material:  Steel_Polished
		registered as also a user of material:  Steel_Polished
		num positions      :  12
		num normals        :  12
		num tangents       :  0
		num uvs            :  0
		num uvs2           :  0
		num colors         :  0
		num triangles      :  8
	processing begun of mesh:  metal_steel.046
		processing begun of material:  Steel_Polished
		registered as also a user of material:  Steel_Polished
		num positions      :  8
		num normals        :  8
		num tangents       :  0
		num uvs            :  0
		num uvs2           :  0
		num colors         :  0
		num triangles      :  4
	processing begun of mesh:  metal_steel.047
		processing begun of material:  Steel_Polished
		registered as also a user of material:  Steel_Polished
		num positions      :  12
		num normals        :  12
		num tangents       :  0
		num uvs            :  0
		num uvs2           :  0
		num colors         :  0
		num triangles      :  4
	processing begun of mesh:  metal_steel.048
		processing begun of material:  Steel_Polished
		registered as also a user of material:  Steel_Polished
		num positions      :  8
		num normals        :  8
		num tangents       :  0
		num uvs            :  0
		num uvs2           :  0
		num colors         :  0
		num triangles      :  4
	processing begun of mesh:  metal_steel.049
		processing begun of material:  Steel_Polished
		registered as also a user of material:  Steel_Polished
		num positions      :  8
		num normals        :  8
		num tangents       :  0
		num uvs            :  0
		num uvs2           :  0
		num colors         :  0
		num triangles      :  4
	processing begun of mesh:  metal_steel.050
		processing begun of material:  Steel_Polished
		registered as also a user of material:  Steel_Polished
		num positions      :  12
		num normals        :  12
		num tangents       :  0
		num uvs            :  0
		num uvs2           :  0
		num colors         :  0
		num triangles      :  4
	processing begun of mesh:  metal_steel.051
		processing begun of material:  Steel_Polished
		registered as also a user of material:  Steel_Polished
		num positions      :  6
		num normals        :  6
		num tangents       :  0
		num uvs            :  0
		num uvs2           :  0
		num colors         :  0
		num triangles      :  2
	processing begun of mesh:  metal_steel.052
		processing begun of material:  Steel_Polished
		registered as also a user of material:  Steel_Polished
		num positions      :  6
		num normals        :  6
		num tangents       :  0
		num uvs            :  0
		num uvs2           :  0
		num colors         :  0
		num triangles      :  2
	processing begun of mesh:  metal_steel.053
		processing begun of material:  Steel_Polished
		registered as also a user of material:  Steel_Polished
		num positions      :  8
		num normals        :  8
		num tangents       :  0
		num uvs            :  0
		num uvs2           :  0
		num colors         :  0
		num triangles      :  4
	processing begun of mesh:  metal_steel.054
		processing begun of material:  Steel_Polished
		registered as also a user of material:  Steel_Polished
		num positions      :  8
		num normals        :  8
		num tangents       :  0
		num uvs            :  0
		num uvs2           :  0
		num colors         :  0
		num triangles      :  4
	processing begun of mesh:  metal_steel.055
		processing begun of material:  Steel_Polished
		registered as also a user of material:  Steel_Polished
		num positions      :  6
		num normals        :  6
		num tangents       :  0
		num uvs            :  0
		num uvs2           :  0
		num colors         :  0
		num triangles      :  2
	processing begun of mesh:  metal_steel.056
		processing begun of material:  Steel_Polished
		registered as also a user of material:  Steel_Polished
		num positions      :  8
		num normals        :  8
		num tangents       :  0
		num uvs            :  0
		num uvs2           :  0
		num colors         :  0
		num triangles      :  4
	processing begun of mesh:  metal_steel.057
		processing begun of material:  Steel_Polished
		registered as also a user of material:  Steel_Polished
		num positions      :  8
		num normals        :  8
		num tangents       :  0
		num uvs            :  0
		num uvs2           :  0
		num colors         :  0
		num triangles      :  4
	processing begun of mesh:  metal_steel.058
		processing begun of material:  Steel_Polished
		registered as also a user of material:  Steel_Polished
		num positions      :  6
		num normals        :  6
		num tangents       :  0
		num uvs            :  0
		num uvs2           :  0
		num colors         :  0
		num triangles      :  2
	processing begun of mesh:  metal_steel.059
		processing begun of material:  Steel_Polished
		registered as also a user of material:  Steel_Polished
		num positions      :  6
		num normals        :  6
		num tangents       :  0
		num uvs            :  0
		num uvs2           :  0
		num colors         :  0
		num triangles      :  2
	processing begun of mesh:  metal_steel.060
		processing begun of material:  Steel_Polished
		registered as also a user of material:  Steel_Polished
		num positions      :  6
		num normals        :  6
		num tangents       :  0
		num uvs            :  0
		num uvs2           :  0
		num colors         :  0
		num triangles      :  2
	processing begun of mesh:  metal_steel.061
		processing begun of material:  Steel_Polished
		registered as also a user of material:  Steel_Polished
		num positions      :  10
		num normals        :  10
		num tangents       :  0
		num uvs            :  0
		num uvs2           :  0
		num colors         :  0
		num triangles      :  6
	processing begun of mesh:  metal_steel.062
		processing begun of material:  Steel_Polished
		registered as also a user of material:  Steel_Polished
		num positions      :  6
		num normals        :  6
		num tangents       :  0
		num uvs            :  0
		num uvs2           :  0
		num colors         :  0
		num triangles      :  2
	processing begun of mesh:  metal_steel.063
		processing begun of material:  Steel_Polished
		registered as also a user of material:  Steel_Polished
		num positions      :  8
		num normals        :  8
		num tangents       :  0
		num uvs            :  0
		num uvs2           :  0
		num colors         :  0
		num triangles      :  4
	processing begun of mesh:  metal_steel.064
		processing begun of material:  Steel_Polished
		registered as also a user of material:  Steel_Polished
		num positions      :  8
		num normals        :  8
		num tangents       :  0
		num uvs            :  0
		num uvs2           :  0
		num colors         :  0
		num triangles      :  4
	processing begun of mesh:  metal_steel.065
		processing begun of material:  Steel_Polished
		registered as also a user of material:  Steel_Polished
		num positions      :  6
		num normals        :  6
		num tangents       :  0
		num uvs            :  0
		num uvs2           :  0
		num colors         :  0
		num triangles      :  2
	processing begun of mesh:  metal_steel.066
		processing begun of material:  Steel_Polished
		registered as also a user of material:  Steel_Polished
		num positions      :  8
		num normals        :  8
		num tangents       :  0
		num uvs            :  0
		num uvs2           :  0
		num colors         :  0
		num triangles      :  4
	processing begun of mesh:  metal_steel.067
		processing begun of material:  Steel_Polished
		registered as also a user of material:  Steel_Polished
		num positions      :  6
		num normals        :  6
		num tangents       :  0
		num uvs            :  0
		num uvs2           :  0
		num colors         :  0
		num triangles      :  2
	processing begun of mesh:  metal_steel.068
		processing begun of material:  Steel_Polished
		registered as also a user of material:  Steel_Polished
		num positions      :  6
		num normals        :  6
		num tangents       :  0
		num uvs            :  0
		num uvs2           :  0
		num colors         :  0
		num triangles      :  2
	processing begun of mesh:  metal_steel.069
		processing begun of material:  Steel_Polished
		registered as also a user of material:  Steel_Polished
		num positions      :  6
		num normals        :  6
		num tangents       :  0
		num uvs            :  0
		num uvs2           :  0
		num colors         :  0
		num triangles      :  2
	processing begun of mesh:  metal_steel.070
		processing begun of material:  Steel_Polished
		registered as also a user of material:  Steel_Polished
		num positions      :  6
		num normals        :  6
		num tangents       :  0
		num uvs            :  0
		num uvs2           :  0
		num colors         :  0
		num triangles      :  2
	processing begun of mesh:  metal_steel.071
		processing begun of material:  Steel_Polished
		registered as also a user of material:  Steel_Polished
		num positions      :  6
		num normals        :  6
		num tangents       :  0
		num uvs            :  0
		num uvs2           :  0
		num colors         :  0
		num triangles      :  2
	processing begun of mesh:  group_30
		processing begun of material:  Plastic_Black
		registered as also a user of material:  Plastic_Black
		num positions      :  282
		num normals        :  282
		num tangents       :  0
		num uvs            :  0
		num uvs2           :  0
		num colors         :  0
		num triangles      :  492
	processing begun of light (POINT):  Light
========= Writing of JSON file started =========
	writing mesh:  group_0
	writing mesh:  group_0.001
	writing mesh:  group_0.002
	writing mesh:  group_0.003
	writing mesh:  metal_steel
	writing mesh:  metal_steel.001
	writing mesh:  group_1
	writing mesh:  group_1.001
	writing mesh:  group_1.002
	writing mesh:  group_1.003
	writing mesh:  group_2
	writing mesh:  group_2.001
	writing mesh:  group_3
	writing mesh:  group_4
	writing mesh:  group_4.001
	writing mesh:  group_4.002
	writing mesh:  group_4.003
	writing mesh:  group_4.004
	writing mesh:  group_5
	writing mesh:  group_5.001
	writing mesh:  group_5.002
	writing mesh:  group_6
	writing mesh:  group_6.001
	writing mesh:  group_6.002
	writing mesh:  group_6.003
	writing mesh:  group_6.004
	writing mesh:  group_6.005
	writing mesh:  group_6.006
	writing mesh:  group_7
	writing mesh:  group_8
	writing mesh:  group_9
	writing mesh:  group_9.001
	writing mesh:  group_9.002
	writing mesh:  group_10
	writing mesh:  group_11
	writing mesh:  group_11.001
	writing mesh:  group_12
	writing mesh:  group_13
	writing mesh:  group_13.001
	writing mesh:  group_13.002
	writing mesh:  group_13.003
	writing mesh:  group_14
	writing mesh:  group_14.001
	writing mesh:  group_14.002
	writing mesh:  group_14.003
	writing mesh:  group_15
	writing mesh:  group_16
	writing mesh:  metal_steel.002
	writing mesh:  group_17
	writing mesh:  group_18
	writing mesh:  group_19
	writing mesh:  group_20
	writing mesh:  group_20.001
	writing mesh:  group_20.002
	writing mesh:  group_21
	writing mesh:  NC-Spak
	writing mesh:  group_22
	writing mesh:  group_23
	writing mesh:  group_24
	writing mesh:  metal_steel.003
	writing mesh:  metal_steel.004
	writing mesh:  metal_steel.005
	writing mesh:  metal_steel.006
	writing mesh:  metal_steel.007
	writing mesh:  metal_steel.008
	writing mesh:  metal_steel.009
	writing mesh:  metal_steel.010
	writing mesh:  metal_steel.011
	writing mesh:  metal_steel.012
	writing mesh:  metal_steel.013
	writing mesh:  metal_steel.014
	writing mesh:  metal_steel.015
	writing mesh:  metal_steel.016
	writing mesh:  metal_steel.017
	writing mesh:  metal_steel.018
	writing mesh:  metal_steel.019
	writing mesh:  metal_steel.020
	writing mesh:  metal_steel.021
	writing mesh:  metal_steel.022
	writing mesh:  metal_steel.023
	writing mesh:  metal_steel.024
	writing mesh:  metal_steel.025
	writing mesh:  metal_steel.026
	writing mesh:  metal_steel.027
	writing mesh:  metal_steel.028
	writing mesh:  metal_steel.029
	writing mesh:  metal_steel.030
	writing mesh:  metal_steel.031
	writing mesh:  metal_steel.032
	writing mesh:  metal_steel.033
	writing mesh:  group_25
	writing mesh:  group_26
	writing mesh:  group_26.001
	writing mesh:  group_26.002
	writing mesh:  group_26.003
	writing mesh:  group_26.004
	writing mesh:  group_26.005
	writing mesh:  group_26.006
	writing mesh:  metal_steel.034
	writing mesh:  group_27
	writing mesh:  group_28
	writing mesh:  group_28.001
	writing mesh:  group_28.002
	writing mesh:  group_28.003
	writing mesh:  group_28.004
	writing mesh:  group_28.005
	writing mesh:  group_29
	writing mesh:  metal_steel.035
	writing mesh:  metal_steel.036
	writing mesh:  metal_steel.037
	writing mesh:  metal_steel.038
	writing mesh:  metal_steel.039
	writing mesh:  metal_steel.040
	writing mesh:  metal_steel.041
	writing mesh:  metal_steel.042
	writing mesh:  metal_steel.043
	writing mesh:  metal_steel.044
	writing mesh:  metal_steel.045
	writing mesh:  metal_steel.046
	writing mesh:  metal_steel.047
	writing mesh:  metal_steel.048
	writing mesh:  metal_steel.049
	writing mesh:  metal_steel.050
	writing mesh:  metal_steel.051
	writing mesh:  metal_steel.052
	writing mesh:  metal_steel.053
	writing mesh:  metal_steel.054
	writing mesh:  metal_steel.055
	writing mesh:  metal_steel.056
	writing mesh:  metal_steel.057
	writing mesh:  metal_steel.058
	writing mesh:  metal_steel.059
	writing mesh:  metal_steel.060
	writing mesh:  metal_steel.061
	writing mesh:  metal_steel.062
	writing mesh:  metal_steel.063
	writing mesh:  metal_steel.064
	writing mesh:  metal_steel.065
	writing mesh:  metal_steel.066
	writing mesh:  metal_steel.067
	writing mesh:  metal_steel.068
	writing mesh:  metal_steel.069
	writing mesh:  metal_steel.070
	writing mesh:  metal_steel.071
	writing mesh:  group_30
========= Writing of JSON file completed =========
========= end of processing =========
elapsed time:  0 min, 6.0022 secs
